# JRE version: Java(TM) SE Runtime Environment (23.0.1+11) (build 23.0.1+11-39)
# Java VM: Java HotSpot(TM) 64-Bit Server VM (23.0.1+11-39, mixed mode, sharing, tiered, compressed oops, compressed class ptrs, g1 gc, windows-amd64)
GC Precious Log:
 CardTable entry size: 512
 Card Set container configuration: InlinePtr #cards 5 size 8 Array Of Cards #cards 10 size 36 Howl #buckets 4 coarsen threshold 1843 Howl Bitmap #cards 512 size 80 coarsen threshold 460 Card regions per heap region 1 cards per card region 2048
 CPUs: 4 total, 4 available
 Memory: 8104M
 Large Page Support: Disabled
 NUMA Support: Disabled
 Compressed Oops: Enabled (32-bit)
 Heap Region Size: 1M
 Heap Min Capacity: 8M
 Heap Initial Capacity: 128M
 Heap Max Capacity: 2028M
 Pre-touch: Disabled
 Parallel Workers: 4
 Concurrent Workers: 1
 Concurrent Refinement Workers: 4
 Periodic GC: Disabled
Heap:
 garbage-first heap   total reserved 2076672K, committed 51200K, used 36461K [0x0000000081400000, 0x0000000100000000)
  region size 1024K, 12 young (12288K), 2 survivors (2048K)
 Metaspace       used 62036K, committed 62784K, reserved 1114112K
  class space    used 8668K, committed 8960K, reserved 1048576K
GC Heap History (20 events):
Event: 4.505 GC heap before
{Heap before GC invocations=3 (full 0):
 garbage-first heap   total reserved 2076672K, committed 131072K, used 41578K [0x0000000081400000, 0x0000000100000000)
  region size 1024K, 35 young (35840K), 4 survivors (4096K)
 Metaspace       used 21187K, committed 21504K, reserved 1114112K
  class space    used 2661K, committed 2816K, reserved 1048576K
}
Event: 4.518 GC heap after
{Heap after GC invocations=4 (full 0):
 garbage-first heap   total reserved 2076672K, committed 131072K, used 14499K [0x0000000081400000, 0x0000000100000000)
  region size 1024K, 4 young (4096K), 4 survivors (4096K)
 Metaspace       used 21187K, committed 21504K, reserved 1114112K
  class space    used 2661K, committed 2816K, reserved 1048576K
}
Event: 6.029 GC heap before
{Heap before GC invocations=5 (full 0):
 garbage-first heap   total reserved 2076672K, committed 51200K, used 41123K [0x0000000081400000, 0x0000000100000000)
  region size 1024K, 30 young (30720K), 4 survivors (4096K)
 Metaspace       used 24812K, committed 25216K, reserved 1114112K
  class space    used 3172K, committed 3328K, reserved 1048576K
}
Event: 6.042 GC heap after
{Heap after GC invocations=6 (full 0):
 garbage-first heap   total reserved 2076672K, committed 51200K, used 16163K [0x0000000081400000, 0x0000000100000000)
  region size 1024K, 3 young (3072K), 3 survivors (3072K)
 Metaspace       used 24812K, committed 25216K, reserved 1114112K
  class space    used 3172K, committed 3328K, reserved 1048576K
}
Event: 7.079 GC heap before
{Heap before GC invocations=6 (full 0):
 garbage-first heap   total reserved 2076672K, committed 51200K, used 37667K [0x0000000081400000, 0x0000000100000000)
  region size 1024K, 24 young (24576K), 3 survivors (3072K)
 Metaspace       used 29103K, committed 29568K, reserved 1114112K
  class space    used 3773K, committed 3968K, reserved 1048576K
}
Event: 7.089 GC heap after
{Heap after GC invocations=7 (full 0):
 garbage-first heap   total reserved 2076672K, committed 51200K, used 18738K [0x0000000081400000, 0x0000000100000000)
  region size 1024K, 3 young (3072K), 3 survivors (3072K)
 Metaspace       used 29103K, committed 29568K, reserved 1114112K
  class space    used 3773K, committed 3968K, reserved 1048576K
}
Event: 8.468 GC heap before
{Heap before GC invocations=7 (full 0):
 garbage-first heap   total reserved 2076672K, committed 51200K, used 38194K [0x0000000081400000, 0x0000000100000000)
  region size 1024K, 23 young (23552K), 3 survivors (3072K)
 Metaspace       used 34063K, committed 34560K, reserved 1114112K
  class space    used 4498K, committed 4736K, reserved 1048576K
}
Event: 8.476 GC heap after
{Heap after GC invocations=8 (full 0):
 garbage-first heap   total reserved 2076672K, committed 51200K, used 20055K [0x0000000081400000, 0x0000000100000000)
  region size 1024K, 2 young (2048K), 2 survivors (2048K)
 Metaspace       used 34063K, committed 34560K, reserved 1114112K
  class space    used 4498K, committed 4736K, reserved 1048576K
}
Event: 8.719 GC heap before
{Heap before GC invocations=8 (full 0):
 garbage-first heap   total reserved 2076672K, committed 51200K, used 25175K [0x0000000081400000, 0x0000000100000000)
  region size 1024K, 8 young (8192K), 2 survivors (2048K)
 Metaspace       used 35524K, committed 35968K, reserved 1114112K
  class space    used 4724K, committed 4928K, reserved 1048576K
}
Event: 8.724 GC heap after
{Heap after GC invocations=9 (full 0):
 garbage-first heap   total reserved 2076672K, committed 51200K, used 20348K [0x0000000081400000, 0x0000000100000000)
  region size 1024K, 2 young (2048K), 2 survivors (2048K)
 Metaspace       used 35524K, committed 35968K, reserved 1114112K
  class space    used 4724K, committed 4928K, reserved 1048576K
}
Event: 9.923 GC heap before
{Heap before GC invocations=10 (full 0):
 garbage-first heap   total reserved 2076672K, committed 51200K, used 40828K [0x0000000081400000, 0x0000000100000000)
  region size 1024K, 23 young (23552K), 2 survivors (2048K)
 Metaspace       used 41270K, committed 41792K, reserved 1114112K
  class space    used 5588K, committed 5824K, reserved 1048576K
}
Event: 9.930 GC heap after
{Heap after GC invocations=11 (full 0):
 garbage-first heap   total reserved 2076672K, committed 51200K, used 21896K [0x0000000081400000, 0x0000000100000000)
  region size 1024K, 2 young (2048K), 2 survivors (2048K)
 Metaspace       used 41270K, committed 41792K, reserved 1114112K
  class space    used 5588K, committed 5824K, reserved 1048576K
}
Event: 10.975 GC heap before
{Heap before GC invocations=11 (full 0):
 garbage-first heap   total reserved 2076672K, committed 51200K, used 41352K [0x0000000081400000, 0x0000000100000000)
  region size 1024K, 22 young (22528K), 2 survivors (2048K)
 Metaspace       used 47163K, committed 47680K, reserved 1114112K
  class space    used 6461K, committed 6656K, reserved 1048576K
}
Event: 10.984 GC heap after
{Heap after GC invocations=12 (full 0):
 garbage-first heap   total reserved 2076672K, committed 51200K, used 23190K [0x0000000081400000, 0x0000000100000000)
  region size 1024K, 3 young (3072K), 3 survivors (3072K)
 Metaspace       used 47163K, committed 47680K, reserved 1114112K
  class space    used 6461K, committed 6656K, reserved 1048576K
}
Event: 11.910 GC heap before
{Heap before GC invocations=12 (full 0):
 garbage-first heap   total reserved 2076672K, committed 51200K, used 43670K [0x0000000081400000, 0x0000000100000000)
  region size 1024K, 24 young (24576K), 3 survivors (3072K)
 Metaspace       used 53610K, committed 54208K, reserved 1114112K
  class space    used 7475K, committed 7744K, reserved 1048576K
}
Event: 11.917 GC heap after
{Heap after GC invocations=13 (full 0):
 garbage-first heap   total reserved 2076672K, committed 51200K, used 23942K [0x0000000081400000, 0x0000000100000000)
  region size 1024K, 3 young (3072K), 3 survivors (3072K)
 Metaspace       used 53610K, committed 54208K, reserved 1114112K
  class space    used 7475K, committed 7744K, reserved 1048576K
}
Event: 12.808 GC heap before
{Heap before GC invocations=13 (full 0):
 garbage-first heap   total reserved 2076672K, committed 51200K, used 44422K [0x0000000081400000, 0x0000000100000000)
  region size 1024K, 23 young (23552K), 3 survivors (3072K)
 Metaspace       used 56527K, committed 57152K, reserved 1114112K
  class space    used 7893K, committed 8128K, reserved 1048576K
}
Event: 12.819 GC heap after
{Heap after GC invocations=14 (full 0):
 garbage-first heap   total reserved 2076672K, committed 51200K, used 26148K [0x0000000081400000, 0x0000000100000000)
  region size 1024K, 3 young (3072K), 3 survivors (3072K)
 Metaspace       used 56527K, committed 57152K, reserved 1114112K
  class space    used 7893K, committed 8128K, reserved 1048576K
}
Event: 22.378 GC heap before
{Heap before GC invocations=14 (full 0):
 garbage-first heap   total reserved 2076672K, committed 51200K, used 42532K [0x0000000081400000, 0x0000000100000000)
  region size 1024K, 21 young (21504K), 3 survivors (3072K)
 Metaspace       used 59589K, committed 60288K, reserved 1114112K
  class space    used 8322K, committed 8640K, reserved 1048576K
}
Event: 22.391 GC heap after
{Heap after GC invocations=15 (full 0):
 garbage-first heap   total reserved 2076672K, committed 51200K, used 28269K [0x0000000081400000, 0x0000000100000000)
  region size 1024K, 2 young (2048K), 2 survivors (2048K)
 Metaspace       used 59589K, committed 60288K, reserved 1114112K
  class space    used 8322K, committed 8640K, reserved 1048576K
}

